<?xml version="1.0" encoding="UTF-8"?>
<testng-results skipped="0" failed="0" ignored="0" total="1" passed="1">
  <reporter-output>
  </reporter-output>
  <suite name="Default suite" duration-ms="5507" started-at="2022-09-15T19:29:39 IST" finished-at="2022-09-15T19:29:45 IST">
    <groups>
    </groups>
    <test name="Default test" duration-ms="5507" started-at="2022-09-15T19:29:39 IST" finished-at="2022-09-15T19:29:45 IST">
      <class name="testng.TestNGDemo">
        <test-method status="PASS" signature="launchBrowser()[pri:0, instance:testng.TestNGDemo@49835d]" name="launchBrowser" duration-ms="5409" started-at="2022-09-15T19:29:40 IST" finished-at="2022-09-15T19:29:45 IST">
          <reporter-output>
          </reporter-output>
        </test-method> <!-- launchBrowser -->
      </class> <!-- testng.TestNGDemo -->
    </test> <!-- Default test -->
  </suite> <!-- Default suite -->
</testng-results>
