<?xml version="1.0" encoding="UTF-8"?>
<testng-results skipped="0" failed="0" ignored="0" total="1" passed="1">
  <reporter-output>
  </reporter-output>
  <suite name="Default suite" duration-ms="12559" started-at="2022-09-26T19:36:45 IST" finished-at="2022-09-26T19:36:57 IST">
    <groups>
    </groups>
    <test name="Default test" duration-ms="12559" started-at="2022-09-26T19:36:45 IST" finished-at="2022-09-26T19:36:57 IST">
      <class name="actions.KeyboardDemo">
        <test-method status="PASS" signature="f()[pri:0, instance:actions.KeyboardDemo@49835d]" name="f" duration-ms="12493" started-at="2022-09-26T19:36:45 IST" finished-at="2022-09-26T19:36:57 IST">
          <reporter-output>
          </reporter-output>
        </test-method> <!-- f -->
      </class> <!-- actions.KeyboardDemo -->
    </test> <!-- Default test -->
  </suite> <!-- Default suite -->
</testng-results>
